2022-05-14 00:03:34 INFO  GoodsFactory:23 - Factory 16 starts creating good
2022-05-14 00:03:34 INFO  GoodsFactory:23 - Factory 18 starts creating good
2022-05-14 00:03:36 INFO  GoodsFactory:26 - Factory 16 created good 35dd5f50-d426-4b90-9d18-addc77a51bff
2022-05-14 00:03:36 INFO  GoodsStorage:61 - add good 35dd5f50-d426-4b90-9d18-addc77a51bff to storage
2022-05-14 00:03:36 INFO  GoodsFactory:23 - Factory 16 starts creating good
2022-05-14 00:03:37 INFO  Depot:93 - new train 21 created
2022-05-14 00:03:38 INFO  Depot:93 - new train 23 created
2022-05-14 00:03:38 INFO  Depot:93 - new train 25 created
2022-05-14 00:03:38 INFO  Depot:31 - new train21launched
2022-05-14 00:03:38 INFO  DepartureStation:38 - 21 got load path
2022-05-14 00:03:38 INFO  DepartureStation:38 - 23 got load path
2022-05-14 00:03:38 INFO  GoodsStorage:48 - took good 35dd5f50-d426-4b90-9d18-addc77a51bff from storage
2022-05-14 00:03:38 INFO  Depot:31 - new train23launched
2022-05-14 00:03:38 INFO  Train:88 - train 21 add good 35dd5f50-d426-4b90-9d18-addc77a51bff
2022-05-14 00:03:38 INFO  Depot:31 - new train25launched
2022-05-14 00:03:38 INFO  GoodsFactory:26 - Factory 16 created good d00a2627-e186-45f2-ad32-4000ccb5c482
2022-05-14 00:03:38 INFO  GoodsStorage:61 - add good d00a2627-e186-45f2-ad32-4000ccb5c482 to storage
2022-05-14 00:03:38 INFO  GoodsFactory:23 - Factory 16 starts creating good
2022-05-14 00:03:38 INFO  GoodsStorage:48 - took good d00a2627-e186-45f2-ad32-4000ccb5c482 from storage
2022-05-14 00:03:38 INFO  Train:88 - train 23 add good d00a2627-e186-45f2-ad32-4000ccb5c482
2022-05-14 00:03:39 INFO  GoodsFactory:26 - Factory 18 created good eb660a4f-9df1-4cee-8cd2-ddb43be8085d
2022-05-14 00:03:39 INFO  GoodsStorage:61 - add good eb660a4f-9df1-4cee-8cd2-ddb43be8085d to storage
2022-05-14 00:03:39 INFO  GoodsFactory:23 - Factory 18 starts creating good
2022-05-14 00:03:40 INFO  GoodsFactory:26 - Factory 16 created good f936a48a-1259-48fe-b1e1-2a72dbf5ad99
2022-05-14 00:03:40 INFO  GoodsStorage:61 - add good f936a48a-1259-48fe-b1e1-2a72dbf5ad99 to storage
2022-05-14 00:03:40 INFO  GoodsFactory:23 - Factory 16 starts creating good
2022-05-14 00:03:40 INFO  GoodsStorage:48 - took good f936a48a-1259-48fe-b1e1-2a72dbf5ad99 from storage
2022-05-14 00:03:40 INFO  Train:88 - train 21 add good f936a48a-1259-48fe-b1e1-2a72dbf5ad99
2022-05-14 00:03:42 INFO  GoodsFactory:26 - Factory 16 created good 3ca5be18-aad8-4dbe-850e-c27a3223e1d5
2022-05-14 00:03:42 INFO  GoodsStorage:61 - add good 3ca5be18-aad8-4dbe-850e-c27a3223e1d5 to storage
2022-05-14 00:03:42 INFO  GoodsFactory:23 - Factory 16 starts creating good
2022-05-14 00:03:42 INFO  GoodsStorage:48 - took good 3ca5be18-aad8-4dbe-850e-c27a3223e1d5 from storage
2022-05-14 00:03:42 INFO  Train:88 - train 23 add good 3ca5be18-aad8-4dbe-850e-c27a3223e1d5
2022-05-14 00:03:43 INFO  GoodsStorage:48 - took good eb660a4f-9df1-4cee-8cd2-ddb43be8085d from storage
2022-05-14 00:03:43 INFO  Train:88 - train 23 add good eb660a4f-9df1-4cee-8cd2-ddb43be8085d
2022-05-14 00:03:44 INFO  GoodsFactory:26 - Factory 18 created good d0856259-da77-4852-b9b2-ae4b8f13010b
2022-05-14 00:03:44 INFO  GoodsStorage:61 - add good d0856259-da77-4852-b9b2-ae4b8f13010b to storage
2022-05-14 00:03:44 INFO  GoodsFactory:23 - Factory 18 starts creating good
2022-05-14 00:03:44 INFO  GoodsFactory:26 - Factory 16 created good 87a5d57a-0f9b-4cb6-8a17-c6f40c4e4f00
2022-05-14 00:03:44 INFO  GoodsStorage:61 - add good 87a5d57a-0f9b-4cb6-8a17-c6f40c4e4f00 to storage
2022-05-14 00:03:44 INFO  GoodsFactory:23 - Factory 16 starts creating good
2022-05-14 00:03:44 INFO  GoodsStorage:48 - took good 87a5d57a-0f9b-4cb6-8a17-c6f40c4e4f00 from storage
2022-05-14 00:03:44 INFO  Train:88 - train 21 add good 87a5d57a-0f9b-4cb6-8a17-c6f40c4e4f00
2022-05-14 00:03:45 INFO  GoodsStorage:48 - took good d0856259-da77-4852-b9b2-ae4b8f13010b from storage
2022-05-14 00:03:45 INFO  Train:34 - filled train 23
2022-05-14 00:03:45 INFO  DepartureStation:38 - 25 got load path
2022-05-14 00:03:45 INFO  Train:49 - 23 got path for transfer
2022-05-14 00:03:45 INFO  Train:88 - train 21 add good d0856259-da77-4852-b9b2-ae4b8f13010b
2022-05-14 00:03:46 INFO  GoodsFactory:26 - Factory 16 created good 84a20ae1-4869-4a4a-b558-f4bf7d7538ca
2022-05-14 00:03:46 INFO  GoodsStorage:61 - add good 84a20ae1-4869-4a4a-b558-f4bf7d7538ca to storage
2022-05-14 00:03:46 INFO  GoodsFactory:23 - Factory 16 starts creating good
2022-05-14 00:03:46 INFO  GoodsStorage:48 - took good 84a20ae1-4869-4a4a-b558-f4bf7d7538ca from storage
2022-05-14 00:03:46 INFO  Train:88 - train 25 add good 84a20ae1-4869-4a4a-b558-f4bf7d7538ca
2022-05-14 00:03:47 INFO  Train:34 - filled train 21
2022-05-14 00:03:47 INFO  Train:49 - 21 got path for transfer
2022-05-14 00:03:48 INFO  GoodsFactory:26 - Factory 16 created good 436a4cc7-7126-4b06-90ac-21f540d50a81
2022-05-14 00:03:48 INFO  GoodsStorage:61 - add good 436a4cc7-7126-4b06-90ac-21f540d50a81 to storage
2022-05-14 00:03:48 INFO  GoodsFactory:23 - Factory 16 starts creating good
2022-05-14 00:03:48 INFO  GoodsStorage:48 - took good 436a4cc7-7126-4b06-90ac-21f540d50a81 from storage
2022-05-14 00:03:48 INFO  Train:88 - train 25 add good 436a4cc7-7126-4b06-90ac-21f540d50a81
2022-05-14 00:03:49 INFO  GoodsFactory:26 - Factory 18 created good a13fdb4e-5000-4dbc-beb3-abb279091cf7
2022-05-14 00:03:49 INFO  GoodsStorage:61 - add good a13fdb4e-5000-4dbc-beb3-abb279091cf7 to storage
2022-05-14 00:03:49 INFO  GoodsFactory:23 - Factory 18 starts creating good
2022-05-14 00:03:50 INFO  GoodsFactory:26 - Factory 16 created good 4c93df27-86b8-4484-b73e-a7d7cf0adace
2022-05-14 00:03:50 INFO  GoodsStorage:61 - add good 4c93df27-86b8-4484-b73e-a7d7cf0adace to storage
2022-05-14 00:03:50 INFO  GoodsFactory:23 - Factory 16 starts creating good
2022-05-14 00:03:50 INFO  GoodsStorage:48 - took good 4c93df27-86b8-4484-b73e-a7d7cf0adace from storage
2022-05-14 00:03:50 INFO  Train:88 - train 25 add good 4c93df27-86b8-4484-b73e-a7d7cf0adace
2022-05-14 00:03:50 INFO  Train:53 - train 23 arrived to destination station
2022-05-14 00:03:50 INFO  DestinationStation:34 - get unload path
2022-05-14 00:03:50 INFO  Train:100 - train 23 unload good d00a2627-e186-45f2-ad32-4000ccb5c482
2022-05-14 00:03:50 INFO  GoodsStorage:61 - add good d00a2627-e186-45f2-ad32-4000ccb5c482 to storage
2022-05-14 00:03:50 INFO  GoodsStorage:48 - took good d00a2627-e186-45f2-ad32-4000ccb5c482 from storage
2022-05-14 00:03:50 INFO  Consumer:22 - Consumer took good d00a2627-e186-45f2-ad32-4000ccb5c482
2022-05-14 00:03:52 INFO  GoodsFactory:26 - Factory 16 created good 1b03d947-2ce9-4101-b835-c14e004b25b0
2022-05-14 00:03:52 INFO  GoodsStorage:61 - add good 1b03d947-2ce9-4101-b835-c14e004b25b0 to storage
2022-05-14 00:03:52 INFO  GoodsFactory:23 - Factory 16 starts creating good
2022-05-14 00:03:52 INFO  GoodsStorage:48 - took good 1b03d947-2ce9-4101-b835-c14e004b25b0 from storage
2022-05-14 00:03:52 INFO  Train:88 - train 25 add good 1b03d947-2ce9-4101-b835-c14e004b25b0
2022-05-14 00:03:52 INFO  Train:100 - train 23 unload good 3ca5be18-aad8-4dbe-850e-c27a3223e1d5
2022-05-14 00:03:52 INFO  GoodsStorage:61 - add good 3ca5be18-aad8-4dbe-850e-c27a3223e1d5 to storage
2022-05-14 00:03:53 INFO  GoodsStorage:48 - took good a13fdb4e-5000-4dbc-beb3-abb279091cf7 from storage
2022-05-14 00:03:53 INFO  Train:88 - train 25 add good a13fdb4e-5000-4dbc-beb3-abb279091cf7
2022-05-14 00:03:53 INFO  Consumer:24 - Consumer consumed d00a2627-e186-45f2-ad32-4000ccb5c482
2022-05-14 00:03:53 INFO  GoodsStorage:48 - took good 3ca5be18-aad8-4dbe-850e-c27a3223e1d5 from storage
2022-05-14 00:03:53 INFO  Consumer:22 - Consumer took good 3ca5be18-aad8-4dbe-850e-c27a3223e1d5
2022-05-14 00:03:54 INFO  GoodsFactory:26 - Factory 18 created good 07af0160-324f-4c35-a00d-2663f31b0642
2022-05-14 00:03:54 INFO  GoodsStorage:61 - add good 07af0160-324f-4c35-a00d-2663f31b0642 to storage
2022-05-14 00:03:54 INFO  GoodsFactory:23 - Factory 18 starts creating good
2022-05-14 00:03:54 INFO  GoodsFactory:26 - Factory 16 created good de5eb76f-e7a0-48b5-9665-6d47e974ca0d
2022-05-14 00:03:54 INFO  GoodsStorage:61 - add good de5eb76f-e7a0-48b5-9665-6d47e974ca0d to storage
2022-05-14 00:03:54 INFO  GoodsFactory:23 - Factory 16 starts creating good
2022-05-14 00:03:54 INFO  Train:100 - train 23 unload good eb660a4f-9df1-4cee-8cd2-ddb43be8085d
2022-05-14 00:03:54 INFO  GoodsStorage:61 - add good eb660a4f-9df1-4cee-8cd2-ddb43be8085d to storage
2022-05-14 00:03:54 INFO  GoodsStorage:48 - took good eb660a4f-9df1-4cee-8cd2-ddb43be8085d from storage
2022-05-14 00:03:54 INFO  Consumer:22 - Consumer took good eb660a4f-9df1-4cee-8cd2-ddb43be8085d
2022-05-14 00:03:55 INFO  Train:34 - filled train 25
2022-05-14 00:03:55 INFO  Train:49 - 25 got path for transfer
2022-05-14 00:03:56 INFO  GoodsFactory:26 - Factory 16 created good ad3bbea8-1204-48ae-8c78-6907e53c3090
2022-05-14 00:03:56 INFO  GoodsStorage:61 - add good ad3bbea8-1204-48ae-8c78-6907e53c3090 to storage
2022-05-14 00:03:56 INFO  GoodsFactory:23 - Factory 16 starts creating good
2022-05-14 00:03:56 INFO  Consumer:24 - Consumer consumed 3ca5be18-aad8-4dbe-850e-c27a3223e1d5
2022-05-14 00:03:57 INFO  Train:53 - train 21 arrived to destination station
2022-05-14 00:03:57 INFO  DestinationStation:34 - get unload path
2022-05-14 00:03:57 INFO  Train:39 - unloaded train 23
2022-05-14 00:03:57 INFO  Train:100 - train 21 unload good 35dd5f50-d426-4b90-9d18-addc77a51bff
2022-05-14 00:03:57 INFO  Train:63 - 23 get path for back transfer
2022-05-14 00:03:57 INFO  GoodsStorage:61 - add good 35dd5f50-d426-4b90-9d18-addc77a51bff to storage
2022-05-14 00:03:57 INFO  GoodsStorage:48 - took good 35dd5f50-d426-4b90-9d18-addc77a51bff from storage
2022-05-14 00:03:57 INFO  Consumer:22 - Consumer took good 35dd5f50-d426-4b90-9d18-addc77a51bff
2022-05-14 00:03:58 INFO  GoodsFactory:26 - Factory 16 created good 1cdfef3c-6e60-4990-adec-69e1d408a61e
2022-05-14 00:03:58 INFO  GoodsStorage:61 - add good 1cdfef3c-6e60-4990-adec-69e1d408a61e to storage
2022-05-14 00:03:58 INFO  GoodsFactory:23 - Factory 16 starts creating good
2022-05-14 00:03:59 INFO  GoodsFactory:26 - Factory 18 created good 686b1f71-08c2-43c6-9358-bc4385802569
2022-05-14 00:03:59 INFO  GoodsStorage:61 - add good 686b1f71-08c2-43c6-9358-bc4385802569 to storage
2022-05-14 00:03:59 INFO  GoodsFactory:23 - Factory 18 starts creating good
2022-05-14 00:03:59 INFO  Train:100 - train 21 unload good f936a48a-1259-48fe-b1e1-2a72dbf5ad99
2022-05-14 00:03:59 INFO  GoodsStorage:61 - add good f936a48a-1259-48fe-b1e1-2a72dbf5ad99 to storage
2022-05-14 00:04:00 INFO  GoodsFactory:26 - Factory 16 created good 8100ee78-a115-4ff3-a6a8-58f6e475a3a1
2022-05-14 00:04:00 INFO  GoodsStorage:61 - add good 8100ee78-a115-4ff3-a6a8-58f6e475a3a1 to storage
2022-05-14 00:04:00 INFO  GoodsFactory:23 - Factory 16 starts creating good
2022-05-14 00:04:00 INFO  Consumer:24 - Consumer consumed 35dd5f50-d426-4b90-9d18-addc77a51bff
2022-05-14 00:04:00 INFO  Consumer:24 - Consumer consumed eb660a4f-9df1-4cee-8cd2-ddb43be8085d
2022-05-14 00:04:00 INFO  GoodsStorage:48 - took good f936a48a-1259-48fe-b1e1-2a72dbf5ad99 from storage
2022-05-14 00:04:00 INFO  Consumer:22 - Consumer took good f936a48a-1259-48fe-b1e1-2a72dbf5ad99
2022-05-14 00:04:01 INFO  Train:100 - train 21 unload good 87a5d57a-0f9b-4cb6-8a17-c6f40c4e4f00
2022-05-14 00:04:01 INFO  GoodsStorage:61 - add good 87a5d57a-0f9b-4cb6-8a17-c6f40c4e4f00 to storage
2022-05-14 00:04:02 INFO  GoodsFactory:26 - Factory 16 created good ba5a77da-16fe-418e-abd0-73afc173bb70
2022-05-14 00:04:02 INFO  GoodsStorage:61 - add good ba5a77da-16fe-418e-abd0-73afc173bb70 to storage
2022-05-14 00:04:02 INFO  GoodsFactory:23 - Factory 16 starts creating good
2022-05-14 00:04:02 INFO  Train:67 - 23 train arrived to departure station
2022-05-14 00:04:02 INFO  Train:43 - train 23 need to replace
2022-05-14 00:04:03 INFO  Consumer:24 - Consumer consumed f936a48a-1259-48fe-b1e1-2a72dbf5ad99
2022-05-14 00:04:03 INFO  GoodsStorage:48 - took good 87a5d57a-0f9b-4cb6-8a17-c6f40c4e4f00 from storage
2022-05-14 00:04:03 INFO  Consumer:22 - Consumer took good 87a5d57a-0f9b-4cb6-8a17-c6f40c4e4f00
2022-05-14 00:04:03 INFO  Train:100 - train 21 unload good d0856259-da77-4852-b9b2-ae4b8f13010b
2022-05-14 00:04:03 INFO  GoodsStorage:61 - add good d0856259-da77-4852-b9b2-ae4b8f13010b to storage
2022-05-14 00:04:03 INFO  GoodsStorage:48 - took good d0856259-da77-4852-b9b2-ae4b8f13010b from storage
2022-05-14 00:04:03 INFO  Consumer:22 - Consumer took good d0856259-da77-4852-b9b2-ae4b8f13010b
2022-05-14 00:04:04 INFO  GoodsFactory:26 - Factory 18 created good d79ae532-be79-4834-b9d3-9f5c5b80b5ea
2022-05-14 00:04:04 INFO  GoodsStorage:61 - add good d79ae532-be79-4834-b9d3-9f5c5b80b5ea to storage
2022-05-14 00:04:04 INFO  GoodsFactory:23 - Factory 18 starts creating good
2022-05-14 00:04:04 INFO  GoodsFactory:26 - Factory 16 created good eee5d600-7a9f-48d0-87c0-86749f6d2800
2022-05-14 00:04:04 INFO  GoodsStorage:61 - add good eee5d600-7a9f-48d0-87c0-86749f6d2800 to storage
2022-05-14 00:04:04 INFO  GoodsFactory:23 - Factory 16 starts creating good
2022-05-14 00:04:05 INFO  Train:53 - train 25 arrived to destination station
2022-05-14 00:04:05 INFO  DestinationStation:34 - get unload path
2022-05-14 00:04:05 INFO  Train:100 - train 25 unload good 84a20ae1-4869-4a4a-b558-f4bf7d7538ca
2022-05-14 00:04:05 INFO  GoodsStorage:61 - add good 84a20ae1-4869-4a4a-b558-f4bf7d7538ca to storage
2022-05-14 00:04:06 INFO  Consumer:24 - Consumer consumed 87a5d57a-0f9b-4cb6-8a17-c6f40c4e4f00
2022-05-14 00:04:06 INFO  GoodsStorage:48 - took good 84a20ae1-4869-4a4a-b558-f4bf7d7538ca from storage
2022-05-14 00:04:06 INFO  Consumer:22 - Consumer took good 84a20ae1-4869-4a4a-b558-f4bf7d7538ca
2022-05-14 00:04:06 INFO  GoodsFactory:26 - Factory 16 created good a2ad2808-da8b-4bd5-91b0-b1be6255f0c3
2022-05-14 00:04:06 INFO  Train:39 - unloaded train 21
2022-05-14 00:04:06 INFO  Train:63 - 21 get path for back transfer
2022-05-14 00:04:07 INFO  Train:100 - train 25 unload good 436a4cc7-7126-4b06-90ac-21f540d50a81
2022-05-14 00:04:07 INFO  GoodsStorage:61 - add good 436a4cc7-7126-4b06-90ac-21f540d50a81 to storage
2022-05-14 00:04:09 INFO  GoodsFactory:26 - Factory 18 created good 7dfb2e18-502c-4a2f-8287-dfacbf647fa4
2022-05-14 00:04:09 INFO  GoodsStorage:61 - add good 7dfb2e18-502c-4a2f-8287-dfacbf647fa4 to storage
2022-05-14 00:04:09 INFO  GoodsFactory:23 - Factory 18 starts creating good
2022-05-14 00:04:09 INFO  Train:100 - train 25 unload good 4c93df27-86b8-4484-b73e-a7d7cf0adace
2022-05-14 00:04:09 INFO  GoodsStorage:61 - add good 4c93df27-86b8-4484-b73e-a7d7cf0adace to storage
2022-05-14 00:04:09 INFO  Consumer:24 - Consumer consumed d0856259-da77-4852-b9b2-ae4b8f13010b
2022-05-14 00:04:09 INFO  Consumer:24 - Consumer consumed 84a20ae1-4869-4a4a-b558-f4bf7d7538ca
2022-05-14 00:04:09 INFO  GoodsStorage:48 - took good 436a4cc7-7126-4b06-90ac-21f540d50a81 from storage
2022-05-14 00:04:09 INFO  Consumer:22 - Consumer took good 436a4cc7-7126-4b06-90ac-21f540d50a81
2022-05-14 00:04:11 INFO  Train:100 - train 25 unload good 1b03d947-2ce9-4101-b835-c14e004b25b0
2022-05-14 00:04:11 INFO  GoodsStorage:61 - add good 1b03d947-2ce9-4101-b835-c14e004b25b0 to storage
2022-05-14 00:04:12 INFO  Consumer:24 - Consumer consumed 436a4cc7-7126-4b06-90ac-21f540d50a81
2022-05-14 00:04:12 INFO  GoodsStorage:48 - took good 4c93df27-86b8-4484-b73e-a7d7cf0adace from storage
2022-05-14 00:04:12 INFO  Consumer:22 - Consumer took good 4c93df27-86b8-4484-b73e-a7d7cf0adace
2022-05-14 00:04:13 INFO  Train:100 - train 25 unload good a13fdb4e-5000-4dbc-beb3-abb279091cf7
2022-05-14 00:04:13 INFO  GoodsStorage:61 - add good a13fdb4e-5000-4dbc-beb3-abb279091cf7 to storage
2022-05-14 00:04:13 INFO  GoodsStorage:48 - took good a13fdb4e-5000-4dbc-beb3-abb279091cf7 from storage
2022-05-14 00:04:13 INFO  Consumer:22 - Consumer took good a13fdb4e-5000-4dbc-beb3-abb279091cf7
2022-05-14 00:04:14 INFO  GoodsFactory:26 - Factory 18 created good 112d39a6-27c2-4216-8c1e-5d3a60bfc552
2022-05-14 00:04:14 INFO  GoodsStorage:61 - add good 112d39a6-27c2-4216-8c1e-5d3a60bfc552 to storage
2022-05-14 00:04:14 INFO  GoodsFactory:23 - Factory 18 starts creating good
2022-05-14 00:04:15 INFO  Consumer:24 - Consumer consumed 4c93df27-86b8-4484-b73e-a7d7cf0adace
2022-05-14 00:04:15 INFO  GoodsStorage:48 - took good 1b03d947-2ce9-4101-b835-c14e004b25b0 from storage
2022-05-14 00:04:15 INFO  Consumer:22 - Consumer took good 1b03d947-2ce9-4101-b835-c14e004b25b0
2022-05-14 00:04:16 INFO  Train:39 - unloaded train 25
2022-05-14 00:04:16 INFO  Train:63 - 25 get path for back transfer
2022-05-14 00:04:16 INFO  Train:67 - 21 train arrived to departure station
2022-05-14 00:04:16 INFO  Train:43 - train 21 need to replace
2022-05-14 00:04:18 INFO  Consumer:24 - Consumer consumed 1b03d947-2ce9-4101-b835-c14e004b25b0
2022-05-14 00:04:19 INFO  GoodsFactory:26 - Factory 18 created good f4bcb651-db01-4fe4-915f-2cc1f8773730
2022-05-14 00:04:19 INFO  GoodsStorage:61 - add good f4bcb651-db01-4fe4-915f-2cc1f8773730 to storage
2022-05-14 00:04:19 INFO  GoodsFactory:23 - Factory 18 starts creating good
2022-05-14 00:04:19 INFO  Consumer:24 - Consumer consumed a13fdb4e-5000-4dbc-beb3-abb279091cf7
2022-05-14 00:04:20 INFO  Depot:86 - new train 28 created
2022-05-14 00:04:20 INFO  Depot:79 - new train23launched
2022-05-14 00:04:20 INFO  DepartureStation:38 - 28 got load path
2022-05-14 00:04:20 INFO  GoodsStorage:48 - took good de5eb76f-e7a0-48b5-9665-6d47e974ca0d from storage
2022-05-14 00:04:20 INFO  Train:88 - train 28 add good de5eb76f-e7a0-48b5-9665-6d47e974ca0d
2022-05-14 00:04:20 INFO  GoodsStorage:61 - add good a2ad2808-da8b-4bd5-91b0-b1be6255f0c3 to storage
2022-05-14 00:04:20 INFO  GoodsFactory:23 - Factory 16 starts creating good
2022-05-14 00:04:21 INFO  GoodsStorage:48 - took good ad3bbea8-1204-48ae-8c78-6907e53c3090 from storage
2022-05-14 00:04:21 INFO  Train:88 - train 28 add good ad3bbea8-1204-48ae-8c78-6907e53c3090
2022-05-14 00:04:22 INFO  GoodsStorage:48 - took good 07af0160-324f-4c35-a00d-2663f31b0642 from storage
2022-05-14 00:04:22 INFO  GoodsFactory:26 - Factory 16 created good 4560e655-65cd-4458-93ba-e1b64f9e5f35
2022-05-14 00:04:22 INFO  Train:88 - train 28 add good 07af0160-324f-4c35-a00d-2663f31b0642
2022-05-14 00:04:22 INFO  GoodsStorage:61 - add good 4560e655-65cd-4458-93ba-e1b64f9e5f35 to storage
2022-05-14 00:04:22 INFO  GoodsFactory:23 - Factory 16 starts creating good
2022-05-14 00:04:24 INFO  GoodsFactory:26 - Factory 18 created good 5b0862ed-0ee7-4322-9da4-fd44c5417144
2022-05-14 00:04:24 INFO  GoodsStorage:61 - add good 5b0862ed-0ee7-4322-9da4-fd44c5417144 to storage
2022-05-14 00:04:24 INFO  GoodsFactory:23 - Factory 18 starts creating good
2022-05-14 00:04:24 INFO  Train:34 - filled train 28
2022-05-14 00:04:24 INFO  Train:49 - 28 got path for transfer
2022-05-14 00:04:24 INFO  GoodsFactory:26 - Factory 16 created good 1e88deb6-4306-417b-9303-e299209ec91c
2022-05-14 00:04:26 INFO  Train:67 - 25 train arrived to departure station
2022-05-14 00:04:26 INFO  Train:43 - train 25 need to replace
2022-05-14 00:04:29 INFO  GoodsFactory:26 - Factory 18 created good 54875837-0aa4-4e48-84c1-157b8521a3ec
2022-05-14 00:04:29 INFO  GoodsStorage:61 - add good 54875837-0aa4-4e48-84c1-157b8521a3ec to storage
2022-05-14 00:04:29 INFO  GoodsFactory:23 - Factory 18 starts creating good
2022-05-14 00:04:29 INFO  Depot:86 - new train 30 created
2022-05-14 00:04:29 INFO  Depot:79 - new train21launched
2022-05-14 00:04:29 INFO  DepartureStation:38 - 30 got load path
2022-05-14 00:04:29 INFO  GoodsStorage:48 - took good 1cdfef3c-6e60-4990-adec-69e1d408a61e from storage
2022-05-14 00:04:29 INFO  Train:88 - train 30 add good 1cdfef3c-6e60-4990-adec-69e1d408a61e
2022-05-14 00:04:29 INFO  GoodsStorage:61 - add good 1e88deb6-4306-417b-9303-e299209ec91c to storage
2022-05-14 00:04:29 INFO  GoodsFactory:23 - Factory 16 starts creating good
2022-05-14 00:04:29 INFO  Train:53 - train 28 arrived to destination station
2022-05-14 00:04:29 INFO  DestinationStation:34 - get unload path
2022-05-14 00:04:29 INFO  Train:100 - train 28 unload good de5eb76f-e7a0-48b5-9665-6d47e974ca0d
2022-05-14 00:04:29 INFO  GoodsStorage:61 - add good de5eb76f-e7a0-48b5-9665-6d47e974ca0d to storage
2022-05-14 00:04:29 INFO  GoodsStorage:48 - took good de5eb76f-e7a0-48b5-9665-6d47e974ca0d from storage
2022-05-14 00:04:29 INFO  Consumer:22 - Consumer took good de5eb76f-e7a0-48b5-9665-6d47e974ca0d
2022-05-14 00:04:30 INFO  GoodsStorage:48 - took good 8100ee78-a115-4ff3-a6a8-58f6e475a3a1 from storage
2022-05-14 00:04:30 INFO  Train:88 - train 30 add good 8100ee78-a115-4ff3-a6a8-58f6e475a3a1
2022-05-14 00:23:31 INFO  GoodsFactory:23 - Factory 18 starts creating good
2022-05-14 00:23:31 INFO  GoodsFactory:23 - Factory 16 starts creating good
2022-05-14 00:23:33 INFO  GoodsFactory:26 - Factory 16 created good 5d2a6326-fc9f-4c5f-bfd4-4c7204031605
2022-05-14 00:23:33 INFO  GoodsStorage:61 - add good 5d2a6326-fc9f-4c5f-bfd4-4c7204031605 to storage
2022-05-14 00:23:33 INFO  GoodsFactory:23 - Factory 16 starts creating good
2022-05-14 00:23:34 INFO  Depot:93 - new train 21 created
2022-05-14 00:23:35 INFO  Depot:93 - new train 23 created
2022-05-14 00:23:35 INFO  Depot:93 - new train 25 created
2022-05-14 00:23:35 INFO  Depot:31 - new train21launched
2022-05-14 00:23:35 INFO  Depot:31 - new train23launched
2022-05-14 00:23:35 INFO  Station:23 - 23 got load path
2022-05-14 00:23:35 INFO  Station:23 - 21 got load path
2022-05-14 00:23:35 INFO  GoodsStorage:48 - took good 5d2a6326-fc9f-4c5f-bfd4-4c7204031605 from storage
2022-05-14 00:23:35 INFO  Depot:31 - new train25launched
2022-05-14 00:23:35 INFO  Train:88 - train 23 add good 5d2a6326-fc9f-4c5f-bfd4-4c7204031605
2022-05-14 00:23:35 INFO  GoodsFactory:26 - Factory 16 created good 02bb61ef-e0d3-4647-8293-81a4e305bd97
2022-05-14 00:23:35 INFO  GoodsStorage:61 - add good 02bb61ef-e0d3-4647-8293-81a4e305bd97 to storage
2022-05-14 00:23:35 INFO  GoodsFactory:23 - Factory 16 starts creating good
2022-05-14 00:23:35 INFO  GoodsStorage:48 - took good 02bb61ef-e0d3-4647-8293-81a4e305bd97 from storage
2022-05-14 00:23:35 INFO  Train:88 - train 21 add good 02bb61ef-e0d3-4647-8293-81a4e305bd97
2022-05-14 00:23:36 INFO  GoodsFactory:26 - Factory 18 created good 63bf9e0f-b415-4326-bbdf-dfff91c591b2
2022-05-14 00:23:36 INFO  GoodsStorage:61 - add good 63bf9e0f-b415-4326-bbdf-dfff91c591b2 to storage
2022-05-14 00:23:36 INFO  GoodsFactory:23 - Factory 18 starts creating good
2022-05-14 00:23:37 INFO  GoodsFactory:26 - Factory 16 created good d3ae0593-4f6a-4cc3-96de-f9c5d9f6ce85
2022-05-14 00:23:37 INFO  GoodsStorage:61 - add good d3ae0593-4f6a-4cc3-96de-f9c5d9f6ce85 to storage
2022-05-14 00:23:37 INFO  GoodsFactory:23 - Factory 16 starts creating good
2022-05-14 00:23:37 INFO  GoodsStorage:48 - took good d3ae0593-4f6a-4cc3-96de-f9c5d9f6ce85 from storage
2022-05-14 00:23:37 INFO  Train:88 - train 23 add good d3ae0593-4f6a-4cc3-96de-f9c5d9f6ce85
2022-05-14 00:23:38 INFO  GoodsStorage:48 - took good 63bf9e0f-b415-4326-bbdf-dfff91c591b2 from storage
2022-05-14 00:23:38 INFO  Train:88 - train 23 add good 63bf9e0f-b415-4326-bbdf-dfff91c591b2
2022-05-14 00:23:39 INFO  GoodsFactory:26 - Factory 16 created good b7c93d47-ca5a-41db-bd31-e26387f688b2
2022-05-14 00:23:39 INFO  GoodsStorage:61 - add good b7c93d47-ca5a-41db-bd31-e26387f688b2 to storage
2022-05-14 00:23:39 INFO  GoodsFactory:23 - Factory 16 starts creating good
2022-05-14 00:23:39 INFO  GoodsStorage:48 - took good b7c93d47-ca5a-41db-bd31-e26387f688b2 from storage
2022-05-14 00:23:39 INFO  Train:88 - train 21 add good b7c93d47-ca5a-41db-bd31-e26387f688b2
2022-05-14 00:23:40 INFO  Station:23 - 25 got load path
2022-05-14 00:23:40 INFO  Train:34 - filled train 23
2022-05-14 00:23:40 INFO  Train:49 - 23 got path for transfer
2022-05-14 00:23:41 INFO  GoodsFactory:26 - Factory 18 created good a29ecd3c-f0ed-4384-bf5a-f6282035a5e0
2022-05-14 00:23:41 INFO  GoodsStorage:61 - add good a29ecd3c-f0ed-4384-bf5a-f6282035a5e0 to storage
2022-05-14 00:23:41 INFO  GoodsFactory:23 - Factory 18 starts creating good
2022-05-14 00:23:41 INFO  GoodsFactory:26 - Factory 16 created good b6dee44f-8035-463d-9191-db350881ec16
2022-05-14 00:23:41 INFO  GoodsStorage:61 - add good b6dee44f-8035-463d-9191-db350881ec16 to storage
2022-05-14 00:23:41 INFO  GoodsFactory:23 - Factory 16 starts creating good
2022-05-14 00:23:41 INFO  GoodsStorage:48 - took good b6dee44f-8035-463d-9191-db350881ec16 from storage
2022-05-14 00:23:41 INFO  Train:88 - train 21 add good b6dee44f-8035-463d-9191-db350881ec16
2022-05-14 00:23:42 INFO  GoodsStorage:48 - took good a29ecd3c-f0ed-4384-bf5a-f6282035a5e0 from storage
2022-05-14 00:23:42 INFO  Train:88 - train 21 add good a29ecd3c-f0ed-4384-bf5a-f6282035a5e0
2022-05-14 00:23:43 INFO  GoodsFactory:26 - Factory 16 created good 2c36a2f5-2694-4275-9595-7ac6225f4105
2022-05-14 00:23:43 INFO  GoodsStorage:61 - add good 2c36a2f5-2694-4275-9595-7ac6225f4105 to storage
2022-05-14 00:23:43 INFO  GoodsFactory:23 - Factory 16 starts creating good
2022-05-14 00:23:43 INFO  GoodsStorage:48 - took good 2c36a2f5-2694-4275-9595-7ac6225f4105 from storage
2022-05-14 00:23:43 INFO  Train:88 - train 25 add good 2c36a2f5-2694-4275-9595-7ac6225f4105
2022-05-14 00:23:44 INFO  Train:34 - filled train 21
2022-05-14 00:23:44 INFO  Train:49 - 21 got path for transfer
2022-05-14 00:23:45 INFO  GoodsFactory:26 - Factory 16 created good 346d26e7-8e63-4299-8794-f4b3cfec2ff7
2022-05-14 00:23:45 INFO  GoodsStorage:61 - add good 346d26e7-8e63-4299-8794-f4b3cfec2ff7 to storage
2022-05-14 00:23:45 INFO  GoodsFactory:23 - Factory 16 starts creating good
2022-05-14 00:23:45 INFO  GoodsStorage:48 - took good 346d26e7-8e63-4299-8794-f4b3cfec2ff7 from storage
2022-05-14 00:23:45 INFO  Train:88 - train 25 add good 346d26e7-8e63-4299-8794-f4b3cfec2ff7
2022-05-14 00:23:45 INFO  Train:53 - train 23 arrived to destination station
2022-05-14 00:23:45 INFO  Station:24 - get unload path
2022-05-14 00:23:45 INFO  Train:100 - train 23 unload good 5d2a6326-fc9f-4c5f-bfd4-4c7204031605
2022-05-14 00:23:45 INFO  GoodsStorage:61 - add good 5d2a6326-fc9f-4c5f-bfd4-4c7204031605 to storage
2022-05-14 00:23:45 INFO  GoodsStorage:48 - took good 5d2a6326-fc9f-4c5f-bfd4-4c7204031605 from storage
2022-05-14 00:23:45 INFO  Consumer:22 - Consumer took good 5d2a6326-fc9f-4c5f-bfd4-4c7204031605
2022-05-14 00:23:46 INFO  GoodsFactory:26 - Factory 18 created good b87a9ce6-b297-4e3b-bc52-b6ab35c2777b
2022-05-14 00:23:46 INFO  GoodsStorage:61 - add good b87a9ce6-b297-4e3b-bc52-b6ab35c2777b to storage
2022-05-14 00:23:46 INFO  GoodsFactory:23 - Factory 18 starts creating good
2022-05-14 00:23:47 INFO  GoodsFactory:26 - Factory 16 created good c39d839e-560c-4279-a565-7f947cb1610f
2022-05-14 00:23:47 INFO  GoodsStorage:61 - add good c39d839e-560c-4279-a565-7f947cb1610f to storage
2022-05-14 00:23:47 INFO  GoodsFactory:23 - Factory 16 starts creating good
2022-05-14 00:23:47 INFO  GoodsStorage:48 - took good c39d839e-560c-4279-a565-7f947cb1610f from storage
2022-05-14 00:23:47 INFO  Train:88 - train 25 add good c39d839e-560c-4279-a565-7f947cb1610f
2022-05-14 00:23:47 INFO  Train:100 - train 23 unload good d3ae0593-4f6a-4cc3-96de-f9c5d9f6ce85
2022-05-14 00:23:47 INFO  GoodsStorage:61 - add good d3ae0593-4f6a-4cc3-96de-f9c5d9f6ce85 to storage
2022-05-14 00:23:48 INFO  Consumer:24 - Consumer consumed 5d2a6326-fc9f-4c5f-bfd4-4c7204031605
2022-05-14 00:23:48 INFO  GoodsStorage:48 - took good d3ae0593-4f6a-4cc3-96de-f9c5d9f6ce85 from storage
2022-05-14 00:23:48 INFO  Consumer:22 - Consumer took good d3ae0593-4f6a-4cc3-96de-f9c5d9f6ce85
2022-05-14 00:23:49 INFO  GoodsFactory:26 - Factory 16 created good 43948a64-7797-4b0f-b8ba-003cd2ba226a
2022-05-14 00:23:49 INFO  GoodsStorage:61 - add good 43948a64-7797-4b0f-b8ba-003cd2ba226a to storage
2022-05-14 00:23:49 INFO  GoodsFactory:23 - Factory 16 starts creating good
2022-05-14 00:23:49 INFO  GoodsStorage:48 - took good 43948a64-7797-4b0f-b8ba-003cd2ba226a from storage
2022-05-14 00:23:49 INFO  Train:88 - train 25 add good 43948a64-7797-4b0f-b8ba-003cd2ba226a
2022-05-14 00:23:49 INFO  Train:100 - train 23 unload good 63bf9e0f-b415-4326-bbdf-dfff91c591b2
2022-05-14 00:23:49 INFO  GoodsStorage:61 - add good 63bf9e0f-b415-4326-bbdf-dfff91c591b2 to storage
2022-05-14 00:23:49 INFO  GoodsStorage:48 - took good 63bf9e0f-b415-4326-bbdf-dfff91c591b2 from storage
2022-05-14 00:23:49 INFO  Consumer:22 - Consumer took good 63bf9e0f-b415-4326-bbdf-dfff91c591b2
2022-05-14 00:23:50 INFO  GoodsStorage:48 - took good b87a9ce6-b297-4e3b-bc52-b6ab35c2777b from storage
2022-05-14 00:23:50 INFO  Train:88 - train 25 add good b87a9ce6-b297-4e3b-bc52-b6ab35c2777b
2022-05-14 00:23:51 INFO  GoodsFactory:26 - Factory 18 created good 658e7ff6-bec4-4ca2-88b8-3933b45c41e9
2022-05-14 00:23:51 INFO  GoodsStorage:61 - add good 658e7ff6-bec4-4ca2-88b8-3933b45c41e9 to storage
2022-05-14 00:23:51 INFO  GoodsFactory:23 - Factory 18 starts creating good
2022-05-14 00:23:51 INFO  GoodsFactory:26 - Factory 16 created good 87832b2d-e73e-472d-96e5-84c5d7d562f0
2022-05-14 00:23:51 INFO  GoodsStorage:61 - add good 87832b2d-e73e-472d-96e5-84c5d7d562f0 to storage
2022-05-14 00:23:51 INFO  GoodsFactory:23 - Factory 16 starts creating good
2022-05-14 00:23:51 INFO  Consumer:24 - Consumer consumed d3ae0593-4f6a-4cc3-96de-f9c5d9f6ce85
2022-05-14 00:23:52 INFO  Train:34 - filled train 25
2022-05-14 00:23:52 INFO  Train:49 - 25 got path for transfer
2022-05-14 00:23:52 INFO  Train:39 - unloaded train 23
2022-05-14 00:23:52 INFO  Train:63 - 23 get path for back transfer
2022-05-14 00:23:53 INFO  GoodsFactory:26 - Factory 16 created good 53d9a023-6546-4d7f-8d31-59ae9022545a
2022-05-14 00:23:53 INFO  GoodsStorage:61 - add good 53d9a023-6546-4d7f-8d31-59ae9022545a to storage
2022-05-14 00:23:53 INFO  GoodsFactory:23 - Factory 16 starts creating good
2022-05-14 00:23:54 INFO  Train:53 - train 21 arrived to destination station
2022-05-14 00:23:54 INFO  Station:24 - get unload path
2022-05-14 00:23:54 INFO  Train:100 - train 21 unload good 02bb61ef-e0d3-4647-8293-81a4e305bd97
2022-05-14 00:23:54 INFO  GoodsStorage:61 - add good 02bb61ef-e0d3-4647-8293-81a4e305bd97 to storage
2022-05-14 00:23:54 INFO  GoodsStorage:48 - took good 02bb61ef-e0d3-4647-8293-81a4e305bd97 from storage
2022-05-14 00:23:54 INFO  Consumer:22 - Consumer took good 02bb61ef-e0d3-4647-8293-81a4e305bd97
2022-05-14 00:23:55 INFO  GoodsFactory:26 - Factory 16 created good bde93a37-5494-4a63-89b9-cf414ebd1756
2022-05-14 00:23:55 INFO  GoodsStorage:61 - add good bde93a37-5494-4a63-89b9-cf414ebd1756 to storage
2022-05-14 00:23:55 INFO  GoodsFactory:23 - Factory 16 starts creating good
2022-05-14 00:23:55 INFO  Consumer:24 - Consumer consumed 63bf9e0f-b415-4326-bbdf-dfff91c591b2
2022-05-14 00:23:56 INFO  GoodsFactory:26 - Factory 18 created good 65d94bbf-9e54-4e68-8e01-fbfcb787326f
2022-05-14 00:23:56 INFO  GoodsStorage:61 - add good 65d94bbf-9e54-4e68-8e01-fbfcb787326f to storage
2022-05-14 00:23:56 INFO  GoodsFactory:23 - Factory 18 starts creating good
2022-05-14 00:23:56 INFO  Train:100 - train 21 unload good b7c93d47-ca5a-41db-bd31-e26387f688b2
2022-05-14 00:23:56 INFO  GoodsStorage:61 - add good b7c93d47-ca5a-41db-bd31-e26387f688b2 to storage
